2023-10-28 11:24:18,060 DEBUG    root            Loaded Command Group: ['gcloud', 'firebase']
2023-10-28 11:24:18,064 DEBUG    root            Loaded Command Group: ['gcloud', 'bigtable']
2023-10-28 11:24:18,072 DEBUG    root            Loaded Command Group: ['gcloud', 'anthos']
2023-10-28 11:24:18,079 DEBUG    root            Loaded Command Group: ['gcloud', 'dataproc']
2023-10-28 11:24:18,088 DEBUG    root            Loaded Command Group: ['gcloud', 'sql']
2023-10-28 11:24:18,098 DEBUG    root            Loaded Command Group: ['gcloud', 'workspace_add_ons']
2023-10-28 11:24:18,104 DEBUG    root            Loaded Command Group: ['gcloud', 'database_migration']
2023-10-28 11:24:18,238 DEBUG    root            Loaded Command Group: ['gcloud', 'builds']
2023-10-28 11:24:18,248 DEBUG    root            No implementation for release track [GA] for element: [/snap/google-cloud-cli/187/lib/surface/remote_build_execution]
2023-10-28 11:24:18,254 DEBUG    root            Loaded Command Group: ['gcloud', 'cheat_sheet']
2023-10-28 11:24:18,258 DEBUG    root            Loaded Command Group: ['gcloud', 'batch']
2023-10-28 11:24:18,263 DEBUG    root            No implementation for release track [GA] for element: [/snap/google-cloud-cli/187/lib/surface/bq]
2023-10-28 11:24:18,266 DEBUG    root            Loaded Command Group: ['gcloud', 'looker']
2023-10-28 11:24:18,288 DEBUG    root            Loaded Command Group: ['gcloud', 'feedback']
2023-10-28 11:24:18,292 DEBUG    root            Loaded Command Group: ['gcloud', 'backup_dr']
2023-10-28 11:24:18,298 DEBUG    root            Loaded Command Group: ['gcloud', 'billing']
2023-10-28 11:24:18,304 DEBUG    root            Loaded Command Group: ['gcloud', 'alloydb']
2023-10-28 11:24:18,311 DEBUG    root            Loaded Command Group: ['gcloud', 'scheduler']
2023-10-28 11:24:18,316 DEBUG    root            Loaded Command Group: ['gcloud', 'iap']
2023-10-28 11:24:18,325 DEBUG    root            Loaded Command Group: ['gcloud', 'iot']
2023-10-28 11:24:18,331 DEBUG    root            Loaded Command Group: ['gcloud', 'apigee']
2023-10-28 11:24:18,340 DEBUG    root            No implementation for release track [GA] for element: [/snap/google-cloud-cli/187/lib/surface/telco_automation]
2023-10-28 11:24:18,342 DEBUG    root            Loaded Command Group: ['gcloud', 'datastream']
2023-10-28 11:24:18,351 DEBUG    root            No implementation for release track [GA] for element: [/snap/google-cloud-cli/187/lib/surface/genomics]
2023-10-28 11:24:18,354 DEBUG    root            No implementation for release track [GA] for element: [/snap/google-cloud-cli/187/lib/surface/commerce_procurement]
2023-10-28 11:24:18,357 DEBUG    root            Loaded Command Group: ['gcloud', 'vmware']
2023-10-28 11:24:18,370 DEBUG    root            Loaded Command Group: ['gcloud', 'version']
2023-10-28 11:24:18,374 DEBUG    root            Loaded Command Group: ['gcloud', 'deployment_manager']
2023-10-28 11:24:18,382 DEBUG    root            Loaded Command Group: ['gcloud', 'memcache']
2023-10-28 11:24:18,387 DEBUG    root            No implementation for release track [GA] for element: [/snap/google-cloud-cli/187/lib/surface/media]
2023-10-28 11:24:18,389 DEBUG    root            Loaded Command Group: ['gcloud', 'redis']
2023-10-28 11:24:18,397 DEBUG    root            Loaded Command Group: ['gcloud', 'artifacts']
2023-10-28 11:24:18,410 DEBUG    root            Loaded Command Group: ['gcloud', 'auth']
2023-10-28 11:24:18,493 DEBUG    root            Loaded Command Group: ['gcloud', 'ai_platform']
2023-10-28 11:24:18,503 DEBUG    root            Loaded Command Group: ['gcloud', 'cloud_shell']
2023-10-28 11:24:18,509 DEBUG    root            Loaded Command Group: ['gcloud', 'projects']
2023-10-28 11:24:18,519 DEBUG    root            Loaded Command Group: ['gcloud', 'policy_troubleshoot']
2023-10-28 11:24:18,691 DEBUG    root            Loaded Command Group: ['gcloud', 'compute']
2023-10-28 11:24:18,741 DEBUG    root            Loaded Command Group: ['gcloud', 'emulators']
2023-10-28 11:24:18,749 DEBUG    root            No implementation for release track [GA] for element: [/snap/google-cloud-cli/187/lib/surface/data_fusion]
2023-10-28 11:24:18,752 DEBUG    root            No implementation for release track [GA] for element: [/snap/google-cloud-cli/187/lib/surface/kuberun]
2023-10-28 11:24:18,754 DEBUG    root            Loaded Command Group: ['gcloud', 'ml_engine']
2023-10-28 11:24:18,773 DEBUG    root            No implementation for release track [GA] for element: [/snap/google-cloud-cli/187/lib/surface/code]
2023-10-28 11:24:18,776 DEBUG    root            Loaded Command Group: ['gcloud', 'monitoring']
2023-10-28 11:24:18,785 DEBUG    root            Loaded Command Group: ['gcloud', 'ml']
2023-10-28 11:24:18,795 DEBUG    root            No implementation for release track [GA] for element: [/snap/google-cloud-cli/187/lib/surface/authz_toolkit]
2023-10-28 11:24:18,798 DEBUG    root            Loaded Command Group: ['gcloud', 'services']
2023-10-28 11:24:18,810 DEBUG    root            No implementation for release track [GA] for element: [/snap/google-cloud-cli/187/lib/surface/trace]
2023-10-28 11:24:18,814 DEBUG    root            Loaded Command Group: ['gcloud', 'datastore']
2023-10-28 11:24:18,838 DEBUG    root            No implementation for release track [GA] for element: [/snap/google-cloud-cli/187/lib/surface/runapps]
2023-10-28 11:24:18,841 DEBUG    root            Loaded Command Group: ['gcloud', 'resource_settings']
2023-10-28 11:24:18,848 DEBUG    root            No implementation for release track [GA] for element: [/snap/google-cloud-cli/187/lib/surface/error_reporting]
2023-10-28 11:24:18,852 DEBUG    root            Loaded Command Group: ['gcloud', 'secrets']
2023-10-28 11:24:18,892 DEBUG    root            Loaded Command Group: ['gcloud', 'survey']
2023-10-28 11:24:18,897 DEBUG    root            No implementation for release track [GA] for element: [/snap/google-cloud-cli/187/lib/surface/mps]
2023-10-28 11:24:18,901 DEBUG    root            No implementation for release track [GA] for element: [/snap/google-cloud-cli/187/lib/surface/dataproc_gdc]
2023-10-28 11:24:18,904 DEBUG    root            Loaded Command Group: ['gcloud', 'healthcare']
2023-10-28 11:24:18,916 DEBUG    root            Loaded Command Group: ['gcloud', 'org_policies']
2023-10-28 11:24:18,928 DEBUG    root            Loaded Command Group: ['gcloud', 'service_directory']
2023-10-28 11:24:18,939 DEBUG    root            Loaded Command Group: ['gcloud', 'netapp']
2023-10-28 11:24:18,951 DEBUG    root            Loaded Command Group: ['gcloud', 'network_security']
2023-10-28 11:24:18,967 DEBUG    root            Loaded Command Group: ['gcloud', 'dataflow']
2023-10-28 11:24:18,979 DEBUG    root            Loaded Command Group: ['gcloud', 'privateca']
2023-10-28 11:24:18,991 DEBUG    root            Loaded Command Group: ['gcloud', 'iam']
2023-10-28 11:24:19,004 DEBUG    root            No implementation for release track [GA] for element: [/snap/google-cloud-cli/187/lib/surface/web_security_scanner]
2023-10-28 11:24:19,008 DEBUG    root            No implementation for release track [GA] for element: [/snap/google-cloud-cli/187/lib/surface/blockchain_node_engine]
2023-10-28 11:24:19,012 DEBUG    root            No implementation for release track [GA] for element: [/snap/google-cloud-cli/187/lib/surface/apphub]
2023-10-28 11:24:19,015 DEBUG    root            No implementation for release track [GA] for element: [/snap/google-cloud-cli/187/lib/surface/network_actions]
2023-10-28 11:24:19,020 DEBUG    root            Loaded Command Group: ['gcloud', 'notebooks']
2023-10-28 11:24:19,028 DEBUG    root            No implementation for release track [GA] for element: [/snap/google-cloud-cli/187/lib/surface/lifesciences]
2023-10-28 11:24:19,032 DEBUG    root            Loaded Command Group: ['gcloud', 'access_approval']
2023-10-28 11:24:19,041 DEBUG    root            No implementation for release track [GA] for element: [/snap/google-cloud-cli/187/lib/surface/dialogflow]
2023-10-28 11:24:19,044 DEBUG    root            Loaded Command Group: ['gcloud', 'recaptcha']
2023-10-28 11:24:19,052 DEBUG    root            Loaded Command Group: ['gcloud', 'bms']
2023-10-28 11:24:19,064 DEBUG    root            Loaded Command Group: ['gcloud', 'api_gateway']
2023-10-28 11:24:19,074 DEBUG    root            Loaded Command Group: ['gcloud', 'pubsub']
2023-10-28 11:24:19,086 DEBUG    root            Loaded Command Group: ['gcloud', 'app']
2023-10-28 11:24:19,103 DEBUG    root            Loaded Command Group: ['gcloud', 'metastore']
2023-10-28 11:24:19,112 DEBUG    root            Loaded Command Group: ['gcloud', 'identity']
2023-10-28 11:24:19,120 DEBUG    root            Loaded Command Group: ['gcloud', 'workstations']
2023-10-28 11:24:19,134 DEBUG    root            Loaded Command Group: ['gcloud', 'edge_cloud']
2023-10-28 11:24:19,142 DEBUG    root            Loaded Command Group: ['gcloud', 'assured']
2023-10-28 11:24:19,150 DEBUG    root            Loaded Command Group: ['gcloud', 'publicca']
2023-10-28 11:24:19,158 DEBUG    root            Loaded Command Group: ['gcloud', 'spanner']
2023-10-28 11:24:19,217 DEBUG    root            No implementation for release track [GA] for element: [/snap/google-cloud-cli/187/lib/surface/spectrum_access]
2023-10-28 11:24:19,220 DEBUG    root            Loaded Command Group: ['gcloud', 'transcoder']
2023-10-28 11:24:19,227 DEBUG    root            No implementation for release track [GA] for element: [/snap/google-cloud-cli/187/lib/surface/source_manager]
2023-10-28 11:24:19,231 DEBUG    root            Loaded Command Group: ['gcloud', 'edge_cache']
2023-10-28 11:24:19,240 DEBUG    root            Loaded Command Group: ['gcloud', 'workbench']
2023-10-28 11:24:19,251 DEBUG    root            Loaded Command Group: ['gcloud', 'config']
2023-10-28 11:24:19,261 DEBUG    root            Loaded Command Group: ['gcloud', 'recommender']
2023-10-28 11:24:19,275 DEBUG    root            Loaded Command Group: ['gcloud', 'data_catalog']
2023-10-28 11:24:19,286 DEBUG    root            Loaded Command Group: ['gcloud', 'firestore']
2023-10-28 11:24:19,297 DEBUG    root            Loaded Command Group: ['gcloud', 'infra_manager']
2023-10-28 11:24:19,303 DEBUG    root            Loaded Command Group: ['gcloud', 'meta']
2023-10-28 11:24:19,314 DEBUG    root            Loaded Command Group: ['gcloud', 'topic']
2023-10-28 11:24:19,323 DEBUG    root            Loaded Command Group: ['gcloud', 'scc']
2023-10-28 11:24:19,340 DEBUG    root            Loaded Command Group: ['gcloud', 'network_management']
2023-10-28 11:24:19,362 DEBUG    root            Loaded Command Group: ['gcloud', 'info']
2023-10-28 11:24:19,367 DEBUG    root            No implementation for release track [GA] for element: [/snap/google-cloud-cli/187/lib/surface/fault_injection]
2023-10-28 11:24:19,432 DEBUG    root            Loaded Command Group: ['gcloud', 'storage']
2023-10-28 11:24:19,452 DEBUG    root            Loaded Command Group: ['gcloud', 'dataplex']
2023-10-28 11:24:19,500 DEBUG    root            Loaded Command Group: ['gcloud', 'help']
2023-10-28 11:24:19,507 DEBUG    root            Loaded Command Group: ['gcloud', 'domains']
2023-10-28 11:24:19,515 DEBUG    root            No implementation for release track [GA] for element: [/snap/google-cloud-cli/187/lib/surface/cbrs_spectrum_access]
2023-10-28 11:24:19,528 DEBUG    root            No implementation for release track [GA] for element: [/snap/google-cloud-cli/187/lib/surface/runtime_config]
2023-10-28 11:24:19,531 DEBUG    root            No implementation for release track [GA] for element: [/snap/google-cloud-cli/187/lib/surface/datapipelines]
2023-10-28 11:24:19,536 DEBUG    root            Loaded Command Group: ['gcloud', 'run']
2023-10-28 11:24:19,549 DEBUG    root            Loaded Command Group: ['gcloud', 'deploy']
2023-10-28 11:24:19,563 DEBUG    root            Loaded Command Group: ['gcloud', 'network_services']
2023-10-28 11:24:19,578 DEBUG    root            Loaded Command Group: ['gcloud', 'immersive_stream']
2023-10-28 11:24:19,586 DEBUG    root            Loaded Command Group: ['gcloud', 'active_directory']
2023-10-28 11:24:19,595 DEBUG    root            Loaded Command Group: ['gcloud', 'kms']
2023-10-28 11:24:19,610 DEBUG    root            Loaded Command Group: ['gcloud', 'transfer']
2023-10-28 11:24:19,621 DEBUG    root            No implementation for release track [GA] for element: [/snap/google-cloud-cli/187/lib/surface/dlp]
2023-10-28 11:24:19,624 DEBUG    root            No implementation for release track [GA] for element: [/snap/google-cloud-cli/187/lib/surface/parallelstore]
2023-10-28 11:24:19,628 DEBUG    root            No implementation for release track [GA] for element: [/snap/google-cloud-cli/187/lib/surface/service_extensions]
2023-10-28 11:24:19,631 DEBUG    root            No implementation for release track [GA] for element: [/snap/google-cloud-cli/187/lib/surface/microservices]
2023-10-28 11:24:19,635 DEBUG    root            No implementation for release track [GA] for element: [/snap/google-cloud-cli/187/lib/surface/terraform]
2023-10-28 11:24:19,639 DEBUG    root            Loaded Command Group: ['gcloud', 'asset']
2023-10-28 11:24:19,653 DEBUG    root            Loaded Command Group: ['gcloud', 'workflows']
2023-10-28 11:24:19,662 DEBUG    root            Loaded Command Group: ['gcloud', 'eventarc']
2023-10-28 11:24:19,674 DEBUG    root            Loaded Command Group: ['gcloud', 'essential_contacts']
2023-10-28 11:24:19,684 DEBUG    root            Loaded Command Group: ['gcloud', 'network_connectivity']
2023-10-28 11:24:19,715 DEBUG    root            Loaded Command Group: ['gcloud', 'init']
2023-10-28 11:24:19,739 DEBUG    root            Loaded Command Group: ['gcloud', 'functions']
2023-10-28 11:24:19,754 DEBUG    root            Loaded Command Group: ['gcloud', 'endpoints']
2023-10-28 11:24:19,764 DEBUG    root            No implementation for release track [GA] for element: [/snap/google-cloud-cli/187/lib/surface/resource_config]
2023-10-28 11:24:19,768 DEBUG    root            No implementation for release track [GA] for element: [/snap/google-cloud-cli/187/lib/surface/beyondcorp]
2023-10-28 11:24:19,772 DEBUG    root            Loaded Command Group: ['gcloud', 'certificate_manager']
2023-10-28 11:24:19,784 DEBUG    root            Loaded Command Group: ['gcloud', 'access_context_manager']
2023-10-28 11:24:19,797 DEBUG    root            Loaded Command Group: ['gcloud', 'logging']
2023-10-28 11:24:19,814 DEBUG    root            Loaded Command Group: ['gcloud', 'components']
2023-10-28 11:24:19,827 DEBUG    root            Loaded Command Group: ['gcloud', 'organizations']
2023-10-28 11:24:19,835 DEBUG    root            No implementation for release track [GA] for element: [/snap/google-cloud-cli/187/lib/surface/orglifecycle]
2023-10-28 11:24:19,840 DEBUG    root            Loaded Command Group: ['gcloud', 'ai']
2023-10-28 11:24:19,858 DEBUG    root            Loaded Command Group: ['gcloud', 'filestore']
2023-10-28 11:24:19,870 DEBUG    root            Loaded Command Group: ['gcloud', 'policy_intelligence']
2023-10-28 11:24:19,880 DEBUG    root            Loaded Command Group: ['gcloud', 'resource_manager']
2023-10-28 11:24:19,891 DEBUG    root            Loaded Command Group: ['gcloud', 'dns']
2023-10-28 11:24:19,904 DEBUG    root            Loaded Command Group: ['gcloud', 'ids']
2023-10-28 11:24:19,912 DEBUG    root            Loaded Command Group: ['gcloud', 'source']
2023-10-28 11:24:19,935 DEBUG    root            Loaded Command Group: ['gcloud', 'docker']
2023-10-28 11:24:20,348 DEBUG    root            No implementation for release track [GA] for element: [/snap/google-cloud-cli/187/lib/surface/interactive]
2023-10-28 11:24:20,352 DEBUG    root            Loaded Command Group: ['gcloud', 'game']
2023-10-28 11:24:20,361 DEBUG    root            Loaded Command Group: ['gcloud', 'tasks']
2023-10-28 11:24:20,375 DEBUG    root            Loaded Command Group: ['gcloud', 'composer']
2023-10-28 11:24:20,381 ERROR    root            (gcloud) Invalid choice: 'login'.
