2023-10-28 11:24:36,739 DEBUG    root            Loaded Command Group: ['gcloud', 'auth']
2023-10-28 11:24:36,775 DEBUG    root            Loaded Command Group: ['gcloud', 'auth', 'login']
2023-10-28 11:24:36,781 DEBUG    root            Running [gcloud.auth.login] with arguments: []
2023-10-28 11:24:41,400 DEBUG    requests_oauthlib.oauth2_session Generated new state FTwnnET6RnHNnb18vprknMrc29nURC.
2023-10-28 11:24:41,408 INFO     ___FILE_ONLY___ Your browser has been opened to visit:

    https://accounts.google.com/o/oauth2/auth?response_type=code&client_id=32555940559.apps.googleusercontent.com&redirect_uri=http%3A%2F%2Flocalhost%3A8085%2F&scope=openid+https%3A%2F%2Fwww.googleapis.com%2Fauth%2Fuserinfo.email+https%3A%2F%2Fwww.googleapis.com%2Fauth%2Fcloud-platform+https%3A%2F%2Fwww.googleapis.com%2Fauth%2Fappengine.admin+https%3A%2F%2Fwww.googleapis.com%2Fauth%2Fsqlservice.login+https%3A%2F%2Fwww.googleapis.com%2Fauth%2Fcompute+https%3A%2F%2Fwww.googleapis.com%2Fauth%2Faccounts.reauth&state=FTwnnET6RnHNnb18vprknMrc29nURC&access_type=offline&code_challenge=7nszCpCB5UFYAY3L74AbbpIQiYydBbedTA_wsyFCeMM&code_challenge_method=S256


2023-10-28 11:24:59,509 INFO     google_auth_oauthlib.flow "GET /?state=FTwnnET6RnHNnb18vprknMrc29nURC&code=4/0AfJohXnRPQQO-K8IkZ3soeSaWXS3ZCWoAkf9G2jkVrQTW8kBwxUyZzyZsupZStt73zrnSA&scope=email%20openid%20https://www.googleapis.com/auth/userinfo.email%20https://www.googleapis.com/auth/cloud-platform%20https://www.googleapis.com/auth/appengine.admin%20https://www.googleapis.com/auth/sqlservice.login%20https://www.googleapis.com/auth/compute%20https://www.googleapis.com/auth/accounts.reauth&authuser=0&prompt=consent HTTP/1.1" 200 959
2023-10-28 11:24:59,514 DEBUG    requests_oauthlib.oauth2_session Requesting url https://oauth2.googleapis.com/token using method POST.
2023-10-28 11:24:59,514 DEBUG    requests_oauthlib.oauth2_session Supplying headers {b'Accept': b'application/json', b'Content-Type': b'application/x-www-form-urlencoded;charset=UTF-8', b'user-agent': b'google-cloud-sdk gcloud/452.0.1 command/gcloud.auth.login invocation-id/787ac91ad3a64dab809c21f5c4098052 environment/None environment-version/None client-os/LINUX client-os-ver/5.15.90 client-pltf-arch/x86_64 interactive/True from-script/False python/3.9.17 term/xterm-256color (Linux 5.15.90.1-microsoft-standard-WSL2)'} and data {'grant_type': 'authorization_code', 'client_id': '32555940559.apps.googleusercontent.com', 'client_secret': 'ZmssLNjJy2998hD4CTg2ejr2', 'code': '4/0AfJohXnRPQQO-K8IkZ3soeSaWXS3ZCWoAkf9G2jkVrQTW8kBwxUyZzyZsupZStt73zrnSA', 'redirect_uri': 'http://localhost:8085/', 'code_verifier': 't9xBlYsTbWlyjNEonEwv1qeCUhPL7adYq97LvCXklv0qj9bsXbi6RbQKWEY6PcbLejL2UN0FpQQlv.i3eVSrYOo71B_JduNRAlmZsXYSzTQnXJWq7HVNe.RbfjLXxiG9'}
2023-10-28 11:24:59,515 DEBUG    requests_oauthlib.oauth2_session Passing through key word arguments {'json': None, 'timeout': None, 'auth': None, 'verify': None, 'proxies': None}.
2023-10-28 11:24:59,524 DEBUG    urllib3.connectionpool Starting new HTTPS connection (1): oauth2.googleapis.com:443
2023-10-28 11:25:00,168 DEBUG    urllib3.connectionpool https://oauth2.googleapis.com:443 "POST /token HTTP/1.1" 200 None
2023-10-28 11:25:00,170 DEBUG    requests_oauthlib.oauth2_session Prepared fetch token request body grant_type=authorization_code&client_id=32555940559.apps.googleusercontent.com&client_secret=ZmssLNjJy2998hD4CTg2ejr2&code=4%2F0AfJohXnRPQQO-K8IkZ3soeSaWXS3ZCWoAkf9G2jkVrQTW8kBwxUyZzyZsupZStt73zrnSA&redirect_uri=http%3A%2F%2Flocalhost%3A8085%2F&code_verifier=t9xBlYsTbWlyjNEonEwv1qeCUhPL7adYq97LvCXklv0qj9bsXbi6RbQKWEY6PcbLejL2UN0FpQQlv.i3eVSrYOo71B_JduNRAlmZsXYSzTQnXJWq7HVNe.RbfjLXxiG9
2023-10-28 11:25:00,170 DEBUG    requests_oauthlib.oauth2_session Request to fetch token completed with status 200.
2023-10-28 11:25:00,171 DEBUG    requests_oauthlib.oauth2_session Request headers were {'user-agent': b'google-cloud-sdk gcloud/452.0.1 command/gcloud.auth.login invocation-id/787ac91ad3a64dab809c21f5c4098052 environment/None environment-version/None client-os/LINUX client-os-ver/5.15.90 client-pltf-arch/x86_64 interactive/True from-script/False python/3.9.17 term/xterm-256color (Linux 5.15.90.1-microsoft-standard-WSL2)', 'Accept-Encoding': 'gzip, deflate', 'Accept': b'application/json', 'Connection': 'keep-alive', 'Content-Type': b'application/x-www-form-urlencoded;charset=UTF-8', 'Content-Length': '387'}
2023-10-28 11:25:00,171 DEBUG    requests_oauthlib.oauth2_session Request body was grant_type=authorization_code&client_id=32555940559.apps.googleusercontent.com&client_secret=ZmssLNjJy2998hD4CTg2ejr2&code=4%2F0AfJohXnRPQQO-K8IkZ3soeSaWXS3ZCWoAkf9G2jkVrQTW8kBwxUyZzyZsupZStt73zrnSA&redirect_uri=http%3A%2F%2Flocalhost%3A8085%2F&code_verifier=t9xBlYsTbWlyjNEonEwv1qeCUhPL7adYq97LvCXklv0qj9bsXbi6RbQKWEY6PcbLejL2UN0FpQQlv.i3eVSrYOo71B_JduNRAlmZsXYSzTQnXJWq7HVNe.RbfjLXxiG9
2023-10-28 11:25:00,171 DEBUG    requests_oauthlib.oauth2_session Response headers were {'Expires': 'Mon, 01 Jan 1990 00:00:00 GMT', 'Pragma': 'no-cache', 'Date': 'Sat, 28 Oct 2023 04:25:00 GMT', 'Cache-Control': 'no-cache, no-store, max-age=0, must-revalidate', 'Content-Type': 'application/json; charset=utf-8', 'Vary': 'Origin, X-Origin, Referer', 'Content-Encoding': 'gzip', 'Server': 'scaffolding on HTTPServer2', 'X-XSS-Protection': '0', 'X-Frame-Options': 'SAMEORIGIN', 'X-Content-Type-Options': 'nosniff', 'Alt-Svc': 'h3=":443"; ma=2592000,h3-29=":443"; ma=2592000', 'Transfer-Encoding': 'chunked'} and content {
  "access_token": "ya29.a0AfB_byBSacykyONHgz3rDi5HBwELr59c941ZCIBE7MHQh5OIzai5aZn59HrpsnE0WLf-g7BdqhFGNLEwkf1V-iqj2Q-SFcNEftpdNHOxNEFwQRcDgvQG8za6oucYLjKKmjeW-qSmBi9IkpxyV10q-CmhhL3Hp8AdFM6VyTt-HgaCgYKAb4SARESFQGOcNnCX4hz_shSBFbVr4cqlk4ovw0177",
  "expires_in": 3599,
  "refresh_token": "1//0gXHOILabus06CgYIARAAGBASNwF-L9IrPPtgqgbET_kOnYd95nX1o2MJlkfnVY9IutjQ5dgGSrhUeXazg2CYS2R1QVGHoYoz84c",
  "scope": "https://www.googleapis.com/auth/appengine.admin https://www.googleapis.com/auth/accounts.reauth https://www.googleapis.com/auth/cloud-platform https://www.googleapis.com/auth/compute https://www.googleapis.com/auth/sqlservice.login https://www.googleapis.com/auth/userinfo.email openid",
  "token_type": "Bearer",
  "id_token": "eyJhbGciOiJSUzI1NiIsImtpZCI6ImEwNmFmMGI2OGEyMTE5ZDY5MmNhYzRhYmY0MTVmZjM3ODgxMzZmNjUiLCJ0eXAiOiJKV1QifQ.eyJpc3MiOiJodHRwczovL2FjY291bnRzLmdvb2dsZS5jb20iLCJhenAiOiIzMjU1NTk0MDU1OS5hcHBzLmdvb2dsZXVzZXJjb250ZW50LmNvbSIsImF1ZCI6IjMyNTU1OTQwNTU5LmFwcHMuZ29vZ2xldXNlcmNvbnRlbnQuY29tIiwic3ViIjoiMTAyNjE0MzQ4MjAyODY3NjgxMTY3IiwiZW1haWwiOiJkaXRvaWhrYW1AZ21haWwuY29tIiwiZW1haWxfdmVyaWZpZWQiOnRydWUsImF0X2hhc2giOiJYU01xdlJpX0xFVDl4T1JwUGR1bWJ3IiwiaWF0IjoxNjk4NDY3MTAwLCJleHAiOjE2OTg0NzA3MDB9.xkMkCIPsOk-gK8hkVYAzTiZhI3qivU8WA2qP5Oms_K5vjOnYmOolEDZl5JgzcUOzw0IqDO7f6Wx7SnmzNbPWZYq2zs6_reEMzcRsMQnUfs3ZRy2ltR8IQhymCiYb_AcCvkVOxxqYjCvPrKQjwp-DI5s74Yt9YDRzHrn7Qzy7sdsB-X5fKEcKyi1KbVtPziY21bOOlwaot-fQwzZKlkhd3U71vPdufiD5zq6fHeAXklHCtXbgCiIAemUGnPue9xJXbfocs14G878mji6XY_d9bPDfsLjqJ3W015pMtT_GHGr8yQZR0XGmafUMUkMUIEyaX2UqMrpOqz6nUgaCffAT9A"
}.
2023-10-28 11:25:00,171 DEBUG    requests_oauthlib.oauth2_session Invoking 0 token response hooks.
2023-10-28 11:25:00,172 DEBUG    requests_oauthlib.oauth2_session Obtained token {'access_token': 'ya29.a0AfB_byBSacykyONHgz3rDi5HBwELr59c941ZCIBE7MHQh5OIzai5aZn59HrpsnE0WLf-g7BdqhFGNLEwkf1V-iqj2Q-SFcNEftpdNHOxNEFwQRcDgvQG8za6oucYLjKKmjeW-qSmBi9IkpxyV10q-CmhhL3Hp8AdFM6VyTt-HgaCgYKAb4SARESFQGOcNnCX4hz_shSBFbVr4cqlk4ovw0177', 'expires_in': 3599, 'refresh_token': '1//0gXHOILabus06CgYIARAAGBASNwF-L9IrPPtgqgbET_kOnYd95nX1o2MJlkfnVY9IutjQ5dgGSrhUeXazg2CYS2R1QVGHoYoz84c', 'scope': ['https://www.googleapis.com/auth/appengine.admin', 'https://www.googleapis.com/auth/accounts.reauth', 'https://www.googleapis.com/auth/cloud-platform', 'https://www.googleapis.com/auth/compute', 'https://www.googleapis.com/auth/sqlservice.login', 'https://www.googleapis.com/auth/userinfo.email', 'openid'], 'token_type': 'Bearer', 'id_token': 'eyJhbGciOiJSUzI1NiIsImtpZCI6ImEwNmFmMGI2OGEyMTE5ZDY5MmNhYzRhYmY0MTVmZjM3ODgxMzZmNjUiLCJ0eXAiOiJKV1QifQ.eyJpc3MiOiJodHRwczovL2FjY291bnRzLmdvb2dsZS5jb20iLCJhenAiOiIzMjU1NTk0MDU1OS5hcHBzLmdvb2dsZXVzZXJjb250ZW50LmNvbSIsImF1ZCI6IjMyNTU1OTQwNTU5LmFwcHMuZ29vZ2xldXNlcmNvbnRlbnQuY29tIiwic3ViIjoiMTAyNjE0MzQ4MjAyODY3NjgxMTY3IiwiZW1haWwiOiJkaXRvaWhrYW1AZ21haWwuY29tIiwiZW1haWxfdmVyaWZpZWQiOnRydWUsImF0X2hhc2giOiJYU01xdlJpX0xFVDl4T1JwUGR1bWJ3IiwiaWF0IjoxNjk4NDY3MTAwLCJleHAiOjE2OTg0NzA3MDB9.xkMkCIPsOk-gK8hkVYAzTiZhI3qivU8WA2qP5Oms_K5vjOnYmOolEDZl5JgzcUOzw0IqDO7f6Wx7SnmzNbPWZYq2zs6_reEMzcRsMQnUfs3ZRy2ltR8IQhymCiYb_AcCvkVOxxqYjCvPrKQjwp-DI5s74Yt9YDRzHrn7Qzy7sdsB-X5fKEcKyi1KbVtPziY21bOOlwaot-fQwzZKlkhd3U71vPdufiD5zq6fHeAXklHCtXbgCiIAemUGnPue9xJXbfocs14G878mji6XY_d9bPDfsLjqJ3W015pMtT_GHGr8yQZR0XGmafUMUkMUIEyaX2UqMrpOqz6nUgaCffAT9A', 'expires_at': 1698470699.172321}.
2023-10-28 11:25:00,212 INFO     ___FILE_ONLY___ 
You are now logged in as [ditoihkam@gmail.com].
Your current project is [None].  You can change this setting by running:
  $ gcloud config set project PROJECT_ID

2023-10-28 11:25:00,213 DEBUG    root            Chosen display Format:none
2023-10-28 11:25:00,214 INFO     root            Display format: "none"
2023-10-28 11:25:00,216 DEBUG    root            SDK update checks are disabled.
